<?xml version="1.0" encoding="UTF-8"?>
<coverage generated="1765388353970" clover="3.2.0">
  <project timestamp="1765388353970" name="All files">
    <metrics statements="33" coveredstatements="24" conditionals="2" coveredconditionals="2" methods="4" coveredmethods="3" elements="39" coveredelements="29" complexity="0" loc="33" ncloc="33" packages="1" files="2" classes="2"/>
    <file name="auth.js" path="C:\Users\Klemen\WebstormProjects\sport_betting\backend\routs\auth.js">
      <metrics statements="19" coveredstatements="12" conditionals="2" coveredconditionals="2" methods="2" coveredmethods="1"/>
      <line num="5" count="1" type="stmt"/>
      <line num="7" count="1" type="stmt"/>
      <line num="8" count="0" type="stmt"/>
      <line num="9" count="0" type="stmt"/>
      <line num="17" count="0" type="stmt"/>
      <line num="19" count="0" type="stmt"/>
      <line num="20" count="0" type="stmt"/>
      <line num="24" count="1" type="stmt"/>
      <line num="25" count="2" type="stmt"/>
      <line num="26" count="2" type="stmt"/>
      <line num="27" count="2" type="stmt"/>
      <line num="28" count="2" type="cond" truecount="2" falsecount="0"/>
      <line num="29" count="1" type="stmt"/>
      <line num="32" count="1" type="stmt"/>
      <line num="33" count="1" type="stmt"/>
      <line num="35" count="1" type="stmt"/>
      <line num="37" count="1" type="stmt"/>
      <line num="39" count="0" type="stmt"/>
      <line num="40" count="0" type="stmt"/>
    </file>
    <file name="bets.js" path="C:\Users\Klemen\WebstormProjects\sport_betting\backend\routs\bets.js">
      <metrics statements="14" coveredstatements="12" conditionals="0" coveredconditionals="0" methods="2" coveredmethods="2"/>
      <line num="4" count="1" type="stmt"/>
      <line num="6" count="1" type="stmt"/>
      <line num="18" count="1" type="stmt"/>
      <line num="19" count="1" type="stmt"/>
      <line num="20" count="1" type="stmt"/>
      <line num="21" count="1" type="stmt"/>
      <line num="22" count="1" type="stmt"/>
      <line num="24" count="0" type="stmt"/>
      <line num="28" count="1" type="stmt"/>
      <line num="29" count="1" type="stmt"/>
      <line num="30" count="1" type="stmt"/>
      <line num="31" count="1" type="stmt"/>
      <line num="35" count="1" type="stmt"/>
      <line num="37" count="0" type="stmt"/>
    </file>
  </project>
</coverage>
