{"C:\\Users\\Klemen\\WebstormProjects\\sport_betting\\backend\\routs\\auth.js": {"path":"C:\\Users\\Klemen\\WebstormProjects\\sport_betting\\backend\\routs\\auth.js","statementMap":{"0":{"start":{"line":5,"column":15},"end":{"line":5,"column":31}},"1":{"start":{"line":7,"column":0},"end":{"line":22,"column":3}},"2":{"start":{"line":8,"column":4},"end":{"line":21,"column":5}},"3":{"start":{"line":9,"column":8},"end":{"line":16,"column":7}},"4":{"start":{"line":17,"column":8},"end":{"line":17,"column":38}},"5":{"start":{"line":19,"column":8},"end":{"line":19,"column":27}},"6":{"start":{"line":20,"column":8},"end":{"line":20,"column":42}},"7":{"start":{"line":24,"column":0},"end":{"line":42,"column":3}},"8":{"start":{"line":25,"column":31},"end":{"line":25,"column":39}},"9":{"start":{"line":26,"column":4},"end":{"line":41,"column":5}},"10":{"start":{"line":27,"column":23},"end":{"line":27,"column":114}},"11":{"start":{"line":28,"column":8},"end":{"line":30,"column":9}},"12":{"start":{"line":29,"column":12},"end":{"line":29,"column":83}},"13":{"start":{"line":32,"column":21},"end":{"line":32,"column":35}},"14":{"start":{"line":33,"column":8},"end":{"line":33,"column":34}},"15":{"start":{"line":35,"column":22},"end":{"line":35,"column":91}},"16":{"start":{"line":37,"column":8},"end":{"line":37,"column":91}},"17":{"start":{"line":39,"column":8},"end":{"line":39,"column":27}},"18":{"start":{"line":40,"column":8},"end":{"line":40,"column":53}}},"fnMap":{"0":{"name":"(anonymous_0)","decl":{"start":{"line":7,"column":20},"end":{"line":7,"column":25}},"loc":{"start":{"line":7,"column":40},"end":{"line":22,"column":1}},"line":7},"1":{"name":"(anonymous_1)","decl":{"start":{"line":24,"column":22},"end":{"line":24,"column":27}},"loc":{"start":{"line":24,"column":42},"end":{"line":42,"column":1}},"line":24}},"branchMap":{"0":{"loc":{"start":{"line":28,"column":8},"end":{"line":30,"column":9}},"type":"if","locations":[{"start":{"line":28,"column":8},"end":{"line":30,"column":9}},{"start":{},"end":{}}],"line":28}},"s":{"0":1,"1":1,"2":0,"3":0,"4":0,"5":0,"6":0,"7":1,"8":2,"9":2,"10":2,"11":2,"12":1,"13":1,"14":1,"15":1,"16":1,"17":0,"18":0},"f":{"0":0,"1":2},"b":{"0":[1,1]},"meta":{"lastBranch":1,"lastFunction":2,"lastStatement":19,"seen":{"s:5:15:5:31":0,"s:7:0:22:3":1,"f:7:20:7:25":0,"s:8:4:21:5":2,"s:9:8:16:7":3,"s:17:8:17:38":4,"s:19:8:19:27":5,"s:20:8:20:42":6,"s:24:0:42:3":7,"f:24:22:24:27":1,"s:25:31:25:39":8,"s:26:4:41:5":9,"s:27:23:27:114":10,"b:28:8:30:9:undefined:undefined:undefined:undefined":0,"s:28:8:30:9":11,"s:29:12:29:83":12,"s:32:21:32:35":13,"s:33:8:33:34":14,"s:35:22:35:91":15,"s:37:8:37:91":16,"s:39:8:39:27":17,"s:40:8:40:53":18}}}
,"C:\\Users\\Klemen\\WebstormProjects\\sport_betting\\backend\\routs\\bets.js": {"path":"C:\\Users\\Klemen\\WebstormProjects\\sport_betting\\backend\\routs\\bets.js","statementMap":{"0":{"start":{"line":4,"column":15},"end":{"line":4,"column":31}},"1":{"start":{"line":6,"column":0},"end":{"line":16,"column":3}},"2":{"start":{"line":18,"column":0},"end":{"line":26,"column":3}},"3":{"start":{"line":19,"column":4},"end":{"line":25,"column":5}},"4":{"start":{"line":20,"column":27},"end":{"line":20,"column":37}},"5":{"start":{"line":21,"column":23},"end":{"line":21,"column":90}},"6":{"start":{"line":22,"column":8},"end":{"line":22,"column":30}},"7":{"start":{"line":24,"column":8},"end":{"line":24,"column":53}},"8":{"start":{"line":28,"column":0},"end":{"line":39,"column":3}},"9":{"start":{"line":29,"column":57},"end":{"line":29,"column":65}},"10":{"start":{"line":30,"column":4},"end":{"line":38,"column":5}},"11":{"start":{"line":31,"column":23},"end":{"line":34,"column":9}},"12":{"start":{"line":35,"column":8},"end":{"line":35,"column":33}},"13":{"start":{"line":37,"column":8},"end":{"line":37,"column":53}}},"fnMap":{"0":{"name":"(anonymous_0)","decl":{"start":{"line":18,"column":23},"end":{"line":18,"column":28}},"loc":{"start":{"line":18,"column":43},"end":{"line":26,"column":1}},"line":18},"1":{"name":"(anonymous_1)","decl":{"start":{"line":28,"column":17},"end":{"line":28,"column":22}},"loc":{"start":{"line":28,"column":37},"end":{"line":39,"column":1}},"line":28}},"branchMap":{},"s":{"0":1,"1":1,"2":1,"3":1,"4":1,"5":1,"6":1,"7":0,"8":1,"9":1,"10":1,"11":1,"12":1,"13":0},"f":{"0":1,"1":1},"b":{},"meta":{"lastBranch":0,"lastFunction":2,"lastStatement":14,"seen":{"s:4:15:4:31":0,"s:6:0:16:3":1,"s:18:0:26:3":2,"f:18:23:18:28":0,"s:19:4:25:5":3,"s:20:27:20:37":4,"s:21:23:21:90":5,"s:22:8:22:30":6,"s:24:8:24:53":7,"s:28:0:39:3":8,"f:28:17:28:22":1,"s:29:57:29:65":9,"s:30:4:38:5":10,"s:31:23:34:9":11,"s:35:8:35:33":12,"s:37:8:37:53":13}}}
}
